2020-09-21T13:58:15+00:00 CRITICAL Uncaught Error: Call to undefined function courses_footer() in /Users/sadiehewitt/Dev/typhoon/wp-content/themes/typhoon/footer.php:13
Stack trace:
#0 /Users/sadiehewitt/Dev/typhoon/wp-includes/template.php(730): require_once()
#1 /Users/sadiehewitt/Dev/typhoon/wp-includes/template.php(676): load_template('/Users/sadiehew...', true, Array)
#2 /Users/sadiehewitt/Dev/typhoon/wp-includes/general-template.php(92): locate_template(Array, true, true, Array)
#3 /Users/sadiehewitt/Dev/typhoon/wp-content/themes/typhoon/templates/home.php(209): get_footer()
#4 /Users/sadiehewitt/Dev/typhoon/wp-includes/template-loader.php(106): include('/Users/sadiehew...')
#5 /Users/sadiehewitt/Dev/typhoon/wp-blog-header.php(19): require_once('/Users/sadiehew...')
#6 /Users/sadiehewitt/Dev/typhoon/index.php(17): require('/Users/sadiehew...')
#7 {main}
  thrown in /Users/sadiehewitt/Dev/typhoon/wp-content/themes/typhoon/footer.php on line 13

2020-09-21T13:58:18+00:00 CRITICAL Uncaught Error: Call to undefined function courses_footer() in /Users/sadiehewitt/Dev/typhoon/wp-content/themes/typhoon/footer.php:13
Stack trace:
#0 /Users/sadiehewitt/Dev/typhoon/wp-includes/template.php(730): require_once()
#1 /Users/sadiehewitt/Dev/typhoon/wp-includes/template.php(676): load_template('/Users/sadiehew...', true, Array)
#2 /Users/sadiehewitt/Dev/typhoon/wp-includes/general-template.php(92): locate_template(Array, true, true, Array)
#3 /Users/sadiehewitt/Dev/typhoon/wp-content/themes/typhoon/templates/home.php(209): get_footer()
#4 /Users/sadiehewitt/Dev/typhoon/wp-includes/template-loader.php(106): include('/Users/sadiehew...')
#5 /Users/sadiehewitt/Dev/typhoon/wp-blog-header.php(19): require_once('/Users/sadiehew...')
#6 /Users/sadiehewitt/Dev/typhoon/index.php(17): require('/Users/sadiehew...')
#7 {main}
  thrown in /Users/sadiehewitt/Dev/typhoon/wp-content/themes/typhoon/footer.php on line 13

2020-09-21T13:58:41+00:00 CRITICAL Uncaught Error: Call to undefined function courses_footer() in /Users/sadiehewitt/Dev/typhoon/wp-content/themes/typhoon/footer.php:13
Stack trace:
#0 /Users/sadiehewitt/Dev/typhoon/wp-includes/template.php(730): require_once()
#1 /Users/sadiehewitt/Dev/typhoon/wp-includes/template.php(676): load_template('/Users/sadiehew...', true, Array)
#2 /Users/sadiehewitt/Dev/typhoon/wp-includes/general-template.php(92): locate_template(Array, true, true, Array)
#3 /Users/sadiehewitt/Dev/typhoon/wp-content/themes/typhoon/templates/home.php(209): get_footer()
#4 /Users/sadiehewitt/Dev/typhoon/wp-includes/template-loader.php(106): include('/Users/sadiehew...')
#5 /Users/sadiehewitt/Dev/typhoon/wp-blog-header.php(19): require_once('/Users/sadiehew...')
#6 /Users/sadiehewitt/Dev/typhoon/index.php(17): require('/Users/sadiehew...')
#7 {main}
  thrown in /Users/sadiehewitt/Dev/typhoon/wp-content/themes/typhoon/footer.php on line 13

2020-09-21T13:59:07+00:00 CRITICAL Uncaught Error: Call to undefined function courses_footer() in /Users/sadiehewitt/Dev/typhoon/wp-content/themes/typhoon/footer.php:13
Stack trace:
#0 /Users/sadiehewitt/Dev/typhoon/wp-includes/template.php(730): require_once()
#1 /Users/sadiehewitt/Dev/typhoon/wp-includes/template.php(676): load_template('/Users/sadiehew...', true, Array)
#2 /Users/sadiehewitt/Dev/typhoon/wp-includes/general-template.php(92): locate_template(Array, true, true, Array)
#3 /Users/sadiehewitt/Dev/typhoon/wp-content/themes/typhoon/templates/home.php(209): get_footer()
#4 /Users/sadiehewitt/Dev/typhoon/wp-includes/template-loader.php(106): include('/Users/sadiehew...')
#5 /Users/sadiehewitt/Dev/typhoon/wp-blog-header.php(19): require_once('/Users/sadiehew...')
#6 /Users/sadiehewitt/Dev/typhoon/index.php(17): require('/Users/sadiehew...')
#7 {main}
  thrown in /Users/sadiehewitt/Dev/typhoon/wp-content/themes/typhoon/footer.php on line 13

2020-09-21T13:59:35+00:00 CRITICAL Uncaught Error: Call to undefined function courses_footer() in /Users/sadiehewitt/Dev/typhoon/wp-content/themes/typhoon/footer.php:13
Stack trace:
#0 /Users/sadiehewitt/Dev/typhoon/wp-includes/template.php(730): require_once()
#1 /Users/sadiehewitt/Dev/typhoon/wp-includes/template.php(676): load_template('/Users/sadiehew...', true, Array)
#2 /Users/sadiehewitt/Dev/typhoon/wp-includes/general-template.php(92): locate_template(Array, true, true, Array)
#3 /Users/sadiehewitt/Dev/typhoon/wp-content/themes/typhoon/templates/home.php(209): get_footer()
#4 /Users/sadiehewitt/Dev/typhoon/wp-includes/template-loader.php(106): include('/Users/sadiehew...')
#5 /Users/sadiehewitt/Dev/typhoon/wp-blog-header.php(19): require_once('/Users/sadiehew...')
#6 /Users/sadiehewitt/Dev/typhoon/index.php(17): require('/Users/sadiehew...')
#7 {main}
  thrown in /Users/sadiehewitt/Dev/typhoon/wp-content/themes/typhoon/footer.php on line 13

2020-09-21T14:02:56+00:00 CRITICAL Uncaught Error: Call to undefined function courses_footer() in /Users/sadiehewitt/Dev/typhoon/wp-content/themes/typhoon/footer.php:13
Stack trace:
#0 /Users/sadiehewitt/Dev/typhoon/wp-includes/template.php(730): require_once()
#1 /Users/sadiehewitt/Dev/typhoon/wp-includes/template.php(676): load_template('/Users/sadiehew...', true, Array)
#2 /Users/sadiehewitt/Dev/typhoon/wp-includes/general-template.php(92): locate_template(Array, true, true, Array)
#3 /Users/sadiehewitt/Dev/typhoon/wp-content/themes/typhoon/templates/home.php(209): get_footer()
#4 /Users/sadiehewitt/Dev/typhoon/wp-includes/template-loader.php(106): include('/Users/sadiehew...')
#5 /Users/sadiehewitt/Dev/typhoon/wp-blog-header.php(19): require_once('/Users/sadiehew...')
#6 /Users/sadiehewitt/Dev/typhoon/index.php(17): require('/Users/sadiehew...')
#7 {main}
  thrown in /Users/sadiehewitt/Dev/typhoon/wp-content/themes/typhoon/footer.php on line 13

2020-09-21T14:04:47+00:00 CRITICAL Uncaught Error: Call to undefined function courses_footer() in /Users/sadiehewitt/Dev/typhoon/wp-content/themes/typhoon/footer.php:13
Stack trace:
#0 /Users/sadiehewitt/Dev/typhoon/wp-includes/template.php(730): require_once()
#1 /Users/sadiehewitt/Dev/typhoon/wp-includes/template.php(676): load_template('/Users/sadiehew...', true, Array)
#2 /Users/sadiehewitt/Dev/typhoon/wp-includes/general-template.php(92): locate_template(Array, true, true, Array)
#3 /Users/sadiehewitt/Dev/typhoon/wp-content/themes/typhoon/templates/home.php(209): get_footer()
#4 /Users/sadiehewitt/Dev/typhoon/wp-includes/template-loader.php(106): include('/Users/sadiehew...')
#5 /Users/sadiehewitt/Dev/typhoon/wp-blog-header.php(19): require_once('/Users/sadiehew...')
#6 /Users/sadiehewitt/Dev/typhoon/index.php(17): require('/Users/sadiehew...')
#7 {main}
  thrown in /Users/sadiehewitt/Dev/typhoon/wp-content/themes/typhoon/footer.php on line 13

2020-09-21T14:05:22+00:00 CRITICAL Uncaught Error: Call to undefined function courses_footer() in /Users/sadiehewitt/Dev/typhoon/wp-content/themes/typhoon/footer.php:13
Stack trace:
#0 /Users/sadiehewitt/Dev/typhoon/wp-includes/template.php(730): require_once()
#1 /Users/sadiehewitt/Dev/typhoon/wp-includes/template.php(676): load_template('/Users/sadiehew...', true, Array)
#2 /Users/sadiehewitt/Dev/typhoon/wp-includes/general-template.php(92): locate_template(Array, true, true, Array)
#3 /Users/sadiehewitt/Dev/typhoon/wp-content/themes/typhoon/templates/home.php(209): get_footer()
#4 /Users/sadiehewitt/Dev/typhoon/wp-includes/template-loader.php(106): include('/Users/sadiehew...')
#5 /Users/sadiehewitt/Dev/typhoon/wp-blog-header.php(19): require_once('/Users/sadiehew...')
#6 /Users/sadiehewitt/Dev/typhoon/index.php(17): require('/Users/sadiehew...')
#7 {main}
  thrown in /Users/sadiehewitt/Dev/typhoon/wp-content/themes/typhoon/footer.php on line 13

2020-09-21T14:05:28+00:00 CRITICAL Uncaught Error: Call to undefined function courses_footer() in /Users/sadiehewitt/Dev/typhoon/wp-content/themes/typhoon/footer.php:13
Stack trace:
#0 /Users/sadiehewitt/Dev/typhoon/wp-includes/template.php(730): require_once()
#1 /Users/sadiehewitt/Dev/typhoon/wp-includes/template.php(676): load_template('/Users/sadiehew...', true, Array)
#2 /Users/sadiehewitt/Dev/typhoon/wp-includes/general-template.php(92): locate_template(Array, true, true, Array)
#3 /Users/sadiehewitt/Dev/typhoon/wp-content/themes/typhoon/templates/home.php(209): get_footer()
#4 /Users/sadiehewitt/Dev/typhoon/wp-includes/template-loader.php(106): include('/Users/sadiehew...')
#5 /Users/sadiehewitt/Dev/typhoon/wp-blog-header.php(19): require_once('/Users/sadiehew...')
#6 /Users/sadiehewitt/Dev/typhoon/index.php(17): require('/Users/sadiehew...')
#7 {main}
  thrown in /Users/sadiehewitt/Dev/typhoon/wp-content/themes/typhoon/footer.php on line 13

2020-09-21T14:05:37+00:00 CRITICAL Uncaught Error: Call to undefined function courses_footer() in /Users/sadiehewitt/Dev/typhoon/wp-content/themes/typhoon/footer.php:13
Stack trace:
#0 /Users/sadiehewitt/Dev/typhoon/wp-includes/template.php(730): require_once()
#1 /Users/sadiehewitt/Dev/typhoon/wp-includes/template.php(676): load_template('/Users/sadiehew...', true, Array)
#2 /Users/sadiehewitt/Dev/typhoon/wp-includes/general-template.php(92): locate_template(Array, true, true, Array)
#3 /Users/sadiehewitt/Dev/typhoon/wp-content/themes/typhoon/templates/home.php(209): get_footer()
#4 /Users/sadiehewitt/Dev/typhoon/wp-includes/template-loader.php(106): include('/Users/sadiehew...')
#5 /Users/sadiehewitt/Dev/typhoon/wp-blog-header.php(19): require_once('/Users/sadiehew...')
#6 /Users/sadiehewitt/Dev/typhoon/index.php(17): require('/Users/sadiehew...')
#7 {main}
  thrown in /Users/sadiehewitt/Dev/typhoon/wp-content/themes/typhoon/footer.php on line 13

2020-09-21T14:09:23+00:00 CRITICAL Uncaught Error: Call to undefined function courses_footer() in /Users/sadiehewitt/Dev/typhoon/wp-content/themes/typhoon/footer.php:13
Stack trace:
#0 /Users/sadiehewitt/Dev/typhoon/wp-includes/template.php(730): require_once()
#1 /Users/sadiehewitt/Dev/typhoon/wp-includes/template.php(676): load_template('/Users/sadiehew...', true, Array)
#2 /Users/sadiehewitt/Dev/typhoon/wp-includes/general-template.php(92): locate_template(Array, true, true, Array)
#3 /Users/sadiehewitt/Dev/typhoon/wp-content/themes/typhoon/templates/home.php(209): get_footer()
#4 /Users/sadiehewitt/Dev/typhoon/wp-includes/template-loader.php(106): include('/Users/sadiehew...')
#5 /Users/sadiehewitt/Dev/typhoon/wp-blog-header.php(19): require_once('/Users/sadiehew...')
#6 /Users/sadiehewitt/Dev/typhoon/index.php(17): require('/Users/sadiehew...')
#7 {main}
  thrown in /Users/sadiehewitt/Dev/typhoon/wp-content/themes/typhoon/footer.php on line 13

2020-09-21T14:09:50+00:00 CRITICAL Uncaught Error: Call to undefined function courses_footer() in /Users/sadiehewitt/Dev/typhoon/wp-content/themes/typhoon/footer.php:13
Stack trace:
#0 /Users/sadiehewitt/Dev/typhoon/wp-includes/template.php(730): require_once()
#1 /Users/sadiehewitt/Dev/typhoon/wp-includes/template.php(676): load_template('/Users/sadiehew...', true, Array)
#2 /Users/sadiehewitt/Dev/typhoon/wp-includes/general-template.php(92): locate_template(Array, true, true, Array)
#3 /Users/sadiehewitt/Dev/typhoon/wp-content/themes/typhoon/templates/home.php(209): get_footer()
#4 /Users/sadiehewitt/Dev/typhoon/wp-includes/template-loader.php(106): include('/Users/sadiehew...')
#5 /Users/sadiehewitt/Dev/typhoon/wp-blog-header.php(19): require_once('/Users/sadiehew...')
#6 /Users/sadiehewitt/Dev/typhoon/index.php(17): require('/Users/sadiehew...')
#7 {main}
  thrown in /Users/sadiehewitt/Dev/typhoon/wp-content/themes/typhoon/footer.php on line 13

2020-09-21T14:10:27+00:00 CRITICAL Uncaught Error: Call to undefined function courses_footer() in /Users/sadiehewitt/Dev/typhoon/wp-content/themes/typhoon/footer.php:13
Stack trace:
#0 /Users/sadiehewitt/Dev/typhoon/wp-includes/template.php(730): require_once()
#1 /Users/sadiehewitt/Dev/typhoon/wp-includes/template.php(676): load_template('/Users/sadiehew...', true, Array)
#2 /Users/sadiehewitt/Dev/typhoon/wp-includes/general-template.php(92): locate_template(Array, true, true, Array)
#3 /Users/sadiehewitt/Dev/typhoon/wp-content/themes/typhoon/templates/home.php(209): get_footer()
#4 /Users/sadiehewitt/Dev/typhoon/wp-includes/template-loader.php(106): include('/Users/sadiehew...')
#5 /Users/sadiehewitt/Dev/typhoon/wp-blog-header.php(19): require_once('/Users/sadiehew...')
#6 /Users/sadiehewitt/Dev/typhoon/index.php(17): require('/Users/sadiehew...')
#7 {main}
  thrown in /Users/sadiehewitt/Dev/typhoon/wp-content/themes/typhoon/footer.php on line 13

2020-09-21T14:12:20+00:00 CRITICAL Uncaught Error: Call to undefined function courses_footer() in /Users/sadiehewitt/Dev/typhoon/wp-content/themes/typhoon/footer.php:13
Stack trace:
#0 /Users/sadiehewitt/Dev/typhoon/wp-includes/template.php(730): require_once()
#1 /Users/sadiehewitt/Dev/typhoon/wp-includes/template.php(676): load_template('/Users/sadiehew...', true, Array)
#2 /Users/sadiehewitt/Dev/typhoon/wp-includes/general-template.php(92): locate_template(Array, true, true, Array)
#3 /Users/sadiehewitt/Dev/typhoon/wp-content/themes/typhoon/templates/home.php(209): get_footer()
#4 /Users/sadiehewitt/Dev/typhoon/wp-includes/template-loader.php(106): include('/Users/sadiehew...')
#5 /Users/sadiehewitt/Dev/typhoon/wp-blog-header.php(19): require_once('/Users/sadiehew...')
#6 /Users/sadiehewitt/Dev/typhoon/index.php(17): require('/Users/sadiehew...')
#7 {main}
  thrown in /Users/sadiehewitt/Dev/typhoon/wp-content/themes/typhoon/footer.php on line 13

2020-09-21T14:12:54+00:00 CRITICAL Uncaught Error: Call to undefined function courses_footer() in /Users/sadiehewitt/Dev/typhoon/wp-content/themes/typhoon/footer.php:13
Stack trace:
#0 /Users/sadiehewitt/Dev/typhoon/wp-includes/template.php(730): require_once()
#1 /Users/sadiehewitt/Dev/typhoon/wp-includes/template.php(676): load_template('/Users/sadiehew...', true, Array)
#2 /Users/sadiehewitt/Dev/typhoon/wp-includes/general-template.php(92): locate_template(Array, true, true, Array)
#3 /Users/sadiehewitt/Dev/typhoon/wp-content/themes/typhoon/templates/home.php(209): get_footer()
#4 /Users/sadiehewitt/Dev/typhoon/wp-includes/template-loader.php(106): include('/Users/sadiehew...')
#5 /Users/sadiehewitt/Dev/typhoon/wp-blog-header.php(19): require_once('/Users/sadiehew...')
#6 /Users/sadiehewitt/Dev/typhoon/index.php(17): require('/Users/sadiehew...')
#7 {main}
  thrown in /Users/sadiehewitt/Dev/typhoon/wp-content/themes/typhoon/footer.php on line 13

2020-09-21T14:12:58+00:00 CRITICAL Uncaught Error: Call to undefined function courses_footer() in /Users/sadiehewitt/Dev/typhoon/wp-content/themes/typhoon/footer.php:13
Stack trace:
#0 /Users/sadiehewitt/Dev/typhoon/wp-includes/template.php(730): require_once()
#1 /Users/sadiehewitt/Dev/typhoon/wp-includes/template.php(676): load_template('/Users/sadiehew...', true, Array)
#2 /Users/sadiehewitt/Dev/typhoon/wp-includes/general-template.php(92): locate_template(Array, true, true, Array)
#3 /Users/sadiehewitt/Dev/typhoon/wp-content/themes/typhoon/templates/home.php(209): get_footer()
#4 /Users/sadiehewitt/Dev/typhoon/wp-includes/template-loader.php(106): include('/Users/sadiehew...')
#5 /Users/sadiehewitt/Dev/typhoon/wp-blog-header.php(19): require_once('/Users/sadiehew...')
#6 /Users/sadiehewitt/Dev/typhoon/index.php(17): require('/Users/sadiehew...')
#7 {main}
  thrown in /Users/sadiehewitt/Dev/typhoon/wp-content/themes/typhoon/footer.php on line 13

2020-09-21T14:13:20+00:00 CRITICAL Uncaught Error: Call to undefined function courses_footer() in /Users/sadiehewitt/Dev/typhoon/wp-content/themes/typhoon/footer.php:13
Stack trace:
#0 /Users/sadiehewitt/Dev/typhoon/wp-includes/template.php(730): require_once()
#1 /Users/sadiehewitt/Dev/typhoon/wp-includes/template.php(676): load_template('/Users/sadiehew...', true, Array)
#2 /Users/sadiehewitt/Dev/typhoon/wp-includes/general-template.php(92): locate_template(Array, true, true, Array)
#3 /Users/sadiehewitt/Dev/typhoon/wp-content/themes/typhoon/templates/home.php(209): get_footer()
#4 /Users/sadiehewitt/Dev/typhoon/wp-includes/template-loader.php(106): include('/Users/sadiehew...')
#5 /Users/sadiehewitt/Dev/typhoon/wp-blog-header.php(19): require_once('/Users/sadiehew...')
#6 /Users/sadiehewitt/Dev/typhoon/index.php(17): require('/Users/sadiehew...')
#7 {main}
  thrown in /Users/sadiehewitt/Dev/typhoon/wp-content/themes/typhoon/footer.php on line 13

2020-09-21T14:15:55+00:00 CRITICAL Uncaught Error: Call to undefined function courses_footer() in /Users/sadiehewitt/Dev/typhoon/wp-content/themes/typhoon/footer.php:13
Stack trace:
#0 /Users/sadiehewitt/Dev/typhoon/wp-includes/template.php(730): require_once()
#1 /Users/sadiehewitt/Dev/typhoon/wp-includes/template.php(676): load_template('/Users/sadiehew...', true, Array)
#2 /Users/sadiehewitt/Dev/typhoon/wp-includes/general-template.php(92): locate_template(Array, true, true, Array)
#3 /Users/sadiehewitt/Dev/typhoon/wp-content/themes/typhoon/templates/home.php(209): get_footer()
#4 /Users/sadiehewitt/Dev/typhoon/wp-includes/template-loader.php(106): include('/Users/sadiehew...')
#5 /Users/sadiehewitt/Dev/typhoon/wp-blog-header.php(19): require_once('/Users/sadiehew...')
#6 /Users/sadiehewitt/Dev/typhoon/index.php(17): require('/Users/sadiehew...')
#7 {main}
  thrown in /Users/sadiehewitt/Dev/typhoon/wp-content/themes/typhoon/footer.php on line 13

2020-09-21T14:16:15+00:00 CRITICAL Uncaught Error: Call to undefined function courses_footer() in /Users/sadiehewitt/Dev/typhoon/wp-content/themes/typhoon/footer.php:13
Stack trace:
#0 /Users/sadiehewitt/Dev/typhoon/wp-includes/template.php(730): require_once()
#1 /Users/sadiehewitt/Dev/typhoon/wp-includes/template.php(676): load_template('/Users/sadiehew...', true, Array)
#2 /Users/sadiehewitt/Dev/typhoon/wp-includes/general-template.php(92): locate_template(Array, true, true, Array)
#3 /Users/sadiehewitt/Dev/typhoon/wp-content/themes/typhoon/woocommerce/taxonomy-product_cat.php(104): get_footer('shop')
#4 /Users/sadiehewitt/Dev/typhoon/wp-includes/template-loader.php(106): include('/Users/sadiehew...')
#5 /Users/sadiehewitt/Dev/typhoon/wp-blog-header.php(19): require_once('/Users/sadiehew...')
#6 /Users/sadiehewitt/Dev/typhoon/index.php(17): require('/Users/sadiehew...')
#7 {main}
  thrown in /Users/sadiehewitt/Dev/typhoon/wp-content/themes/typhoon/footer.php on line 13

2020-09-21T14:16:46+00:00 CRITICAL Uncaught Error: Call to undefined function courses_footer() in /Users/sadiehewitt/Dev/typhoon/wp-content/themes/typhoon/footer.php:13
Stack trace:
#0 /Users/sadiehewitt/Dev/typhoon/wp-includes/template.php(730): require_once()
#1 /Users/sadiehewitt/Dev/typhoon/wp-includes/template.php(676): load_template('/Users/sadiehew...', true, Array)
#2 /Users/sadiehewitt/Dev/typhoon/wp-includes/general-template.php(92): locate_template(Array, true, true, Array)
#3 /Users/sadiehewitt/Dev/typhoon/wp-content/themes/typhoon/templates/home.php(209): get_footer()
#4 /Users/sadiehewitt/Dev/typhoon/wp-includes/template-loader.php(106): include('/Users/sadiehew...')
#5 /Users/sadiehewitt/Dev/typhoon/wp-blog-header.php(19): require_once('/Users/sadiehew...')
#6 /Users/sadiehewitt/Dev/typhoon/index.php(17): require('/Users/sadiehew...')
#7 {main}
  thrown in /Users/sadiehewitt/Dev/typhoon/wp-content/themes/typhoon/footer.php on line 13

2020-09-21T14:17:27+00:00 CRITICAL Uncaught Error: Call to undefined function courses_footer() in /Users/sadiehewitt/Dev/typhoon/wp-content/themes/typhoon/footer.php:13
Stack trace:
#0 /Users/sadiehewitt/Dev/typhoon/wp-includes/template.php(730): require_once()
#1 /Users/sadiehewitt/Dev/typhoon/wp-includes/template.php(676): load_template('/Users/sadiehew...', true, Array)
#2 /Users/sadiehewitt/Dev/typhoon/wp-includes/general-template.php(92): locate_template(Array, true, true, Array)
#3 /Users/sadiehewitt/Dev/typhoon/wp-content/themes/typhoon/templates/home.php(209): get_footer()
#4 /Users/sadiehewitt/Dev/typhoon/wp-includes/template-loader.php(106): include('/Users/sadiehew...')
#5 /Users/sadiehewitt/Dev/typhoon/wp-blog-header.php(19): require_once('/Users/sadiehew...')
#6 /Users/sadiehewitt/Dev/typhoon/index.php(17): require('/Users/sadiehew...')
#7 {main}
  thrown in /Users/sadiehewitt/Dev/typhoon/wp-content/themes/typhoon/footer.php on line 13

2020-09-21T14:17:32+00:00 CRITICAL Uncaught Error: Call to undefined function courses_footer() in /Users/sadiehewitt/Dev/typhoon/wp-content/themes/typhoon/footer.php:13
Stack trace:
#0 /Users/sadiehewitt/Dev/typhoon/wp-includes/template.php(730): require_once()
#1 /Users/sadiehewitt/Dev/typhoon/wp-includes/template.php(676): load_template('/Users/sadiehew...', true, Array)
#2 /Users/sadiehewitt/Dev/typhoon/wp-includes/general-template.php(92): locate_template(Array, true, true, Array)
#3 /Users/sadiehewitt/Dev/typhoon/wp-content/themes/typhoon/woocommerce/taxonomy-product_cat.php(104): get_footer('shop')
#4 /Users/sadiehewitt/Dev/typhoon/wp-includes/template-loader.php(106): include('/Users/sadiehew...')
#5 /Users/sadiehewitt/Dev/typhoon/wp-blog-header.php(19): require_once('/Users/sadiehew...')
#6 /Users/sadiehewitt/Dev/typhoon/index.php(17): require('/Users/sadiehew...')
#7 {main}
  thrown in /Users/sadiehewitt/Dev/typhoon/wp-content/themes/typhoon/footer.php on line 13

2020-09-21T14:17:37+00:00 CRITICAL Uncaught Error: Call to undefined function courses_footer() in /Users/sadiehewitt/Dev/typhoon/wp-content/themes/typhoon/footer.php:13
Stack trace:
#0 /Users/sadiehewitt/Dev/typhoon/wp-includes/template.php(730): require_once()
#1 /Users/sadiehewitt/Dev/typhoon/wp-includes/template.php(676): load_template('/Users/sadiehew...', true, Array)
#2 /Users/sadiehewitt/Dev/typhoon/wp-includes/general-template.php(92): locate_template(Array, true, true, Array)
#3 /Users/sadiehewitt/Dev/typhoon/wp-content/themes/typhoon/woocommerce/taxonomy-product_cat.php(104): get_footer('shop')
#4 /Users/sadiehewitt/Dev/typhoon/wp-includes/template-loader.php(106): include('/Users/sadiehew...')
#5 /Users/sadiehewitt/Dev/typhoon/wp-blog-header.php(19): require_once('/Users/sadiehew...')
#6 /Users/sadiehewitt/Dev/typhoon/index.php(17): require('/Users/sadiehew...')
#7 {main}
  thrown in /Users/sadiehewitt/Dev/typhoon/wp-content/themes/typhoon/footer.php on line 13

2020-09-21T14:18:23+00:00 CRITICAL Uncaught Error: Call to undefined function courses_footer() in /Users/sadiehewitt/Dev/typhoon/wp-content/themes/typhoon/footer.php:13
Stack trace:
#0 /Users/sadiehewitt/Dev/typhoon/wp-includes/template.php(730): require_once()
#1 /Users/sadiehewitt/Dev/typhoon/wp-includes/template.php(676): load_template('/Users/sadiehew...', true, Array)
#2 /Users/sadiehewitt/Dev/typhoon/wp-includes/general-template.php(92): locate_template(Array, true, true, Array)
#3 /Users/sadiehewitt/Dev/typhoon/wp-content/themes/typhoon/woocommerce/taxonomy-product_cat.php(104): get_footer('shop')
#4 /Users/sadiehewitt/Dev/typhoon/wp-includes/template-loader.php(106): include('/Users/sadiehew...')
#5 /Users/sadiehewitt/Dev/typhoon/wp-blog-header.php(19): require_once('/Users/sadiehew...')
#6 /Users/sadiehewitt/Dev/typhoon/index.php(17): require('/Users/sadiehew...')
#7 {main}
  thrown in /Users/sadiehewitt/Dev/typhoon/wp-content/themes/typhoon/footer.php on line 13

2020-09-21T14:18:27+00:00 CRITICAL Uncaught Error: Call to undefined function courses_footer() in /Users/sadiehewitt/Dev/typhoon/wp-content/themes/typhoon/footer.php:13
Stack trace:
#0 /Users/sadiehewitt/Dev/typhoon/wp-includes/template.php(730): require_once()
#1 /Users/sadiehewitt/Dev/typhoon/wp-includes/template.php(676): load_template('/Users/sadiehew...', true, Array)
#2 /Users/sadiehewitt/Dev/typhoon/wp-includes/general-template.php(92): locate_template(Array, true, true, Array)
#3 /Users/sadiehewitt/Dev/typhoon/wp-content/themes/typhoon/templates/home.php(209): get_footer()
#4 /Users/sadiehewitt/Dev/typhoon/wp-includes/template-loader.php(106): include('/Users/sadiehew...')
#5 /Users/sadiehewitt/Dev/typhoon/wp-blog-header.php(19): require_once('/Users/sadiehew...')
#6 /Users/sadiehewitt/Dev/typhoon/index.php(17): require('/Users/sadiehew...')
#7 {main}
  thrown in /Users/sadiehewitt/Dev/typhoon/wp-content/themes/typhoon/footer.php on line 13

2020-09-21T14:19:06+00:00 CRITICAL Uncaught Error: Call to undefined function courses_footer() in /Users/sadiehewitt/Dev/typhoon/wp-content/themes/typhoon/footer.php:13
Stack trace:
#0 /Users/sadiehewitt/Dev/typhoon/wp-includes/template.php(730): require_once()
#1 /Users/sadiehewitt/Dev/typhoon/wp-includes/template.php(676): load_template('/Users/sadiehew...', true, Array)
#2 /Users/sadiehewitt/Dev/typhoon/wp-includes/general-template.php(92): locate_template(Array, true, true, Array)
#3 /Users/sadiehewitt/Dev/typhoon/wp-content/themes/typhoon/templates/home.php(209): get_footer()
#4 /Users/sadiehewitt/Dev/typhoon/wp-includes/template-loader.php(106): include('/Users/sadiehew...')
#5 /Users/sadiehewitt/Dev/typhoon/wp-blog-header.php(19): require_once('/Users/sadiehew...')
#6 /Users/sadiehewitt/Dev/typhoon/index.php(17): require('/Users/sadiehew...')
#7 {main}
  thrown in /Users/sadiehewitt/Dev/typhoon/wp-content/themes/typhoon/footer.php on line 13

2020-09-21T14:19:11+00:00 CRITICAL Uncaught Error: Call to undefined function courses_footer() in /Users/sadiehewitt/Dev/typhoon/wp-content/themes/typhoon/footer.php:13
Stack trace:
#0 /Users/sadiehewitt/Dev/typhoon/wp-includes/template.php(730): require_once()
#1 /Users/sadiehewitt/Dev/typhoon/wp-includes/template.php(676): load_template('/Users/sadiehew...', true, Array)
#2 /Users/sadiehewitt/Dev/typhoon/wp-includes/general-template.php(92): locate_template(Array, true, true, Array)
#3 /Users/sadiehewitt/Dev/typhoon/wp-content/themes/typhoon/templates/home.php(209): get_footer()
#4 /Users/sadiehewitt/Dev/typhoon/wp-includes/template-loader.php(106): include('/Users/sadiehew...')
#5 /Users/sadiehewitt/Dev/typhoon/wp-blog-header.php(19): require_once('/Users/sadiehew...')
#6 /Users/sadiehewitt/Dev/typhoon/index.php(17): require('/Users/sadiehew...')
#7 {main}
  thrown in /Users/sadiehewitt/Dev/typhoon/wp-content/themes/typhoon/footer.php on line 13

2020-09-21T14:19:20+00:00 CRITICAL Uncaught Error: Call to undefined function courses_footer() in /Users/sadiehewitt/Dev/typhoon/wp-content/themes/typhoon/footer.php:13
Stack trace:
#0 /Users/sadiehewitt/Dev/typhoon/wp-includes/template.php(730): require_once()
#1 /Users/sadiehewitt/Dev/typhoon/wp-includes/template.php(676): load_template('/Users/sadiehew...', true, Array)
#2 /Users/sadiehewitt/Dev/typhoon/wp-includes/general-template.php(92): locate_template(Array, true, true, Array)
#3 /Users/sadiehewitt/Dev/typhoon/wp-content/themes/typhoon/templates/home.php(209): get_footer()
#4 /Users/sadiehewitt/Dev/typhoon/wp-includes/template-loader.php(106): include('/Users/sadiehew...')
#5 /Users/sadiehewitt/Dev/typhoon/wp-blog-header.php(19): require_once('/Users/sadiehew...')
#6 /Users/sadiehewitt/Dev/typhoon/index.php(17): require('/Users/sadiehew...')
#7 {main}
  thrown in /Users/sadiehewitt/Dev/typhoon/wp-content/themes/typhoon/footer.php on line 13

2020-09-21T14:19:37+00:00 CRITICAL Uncaught Error: Call to undefined function courses_footer() in /Users/sadiehewitt/Dev/typhoon/wp-content/themes/typhoon/footer.php:13
Stack trace:
#0 /Users/sadiehewitt/Dev/typhoon/wp-includes/template.php(730): require_once()
#1 /Users/sadiehewitt/Dev/typhoon/wp-includes/template.php(676): load_template('/Users/sadiehew...', true, Array)
#2 /Users/sadiehewitt/Dev/typhoon/wp-includes/general-template.php(92): locate_template(Array, true, true, Array)
#3 /Users/sadiehewitt/Dev/typhoon/wp-content/themes/typhoon/templates/home.php(209): get_footer()
#4 /Users/sadiehewitt/Dev/typhoon/wp-includes/template-loader.php(106): include('/Users/sadiehew...')
#5 /Users/sadiehewitt/Dev/typhoon/wp-blog-header.php(19): require_once('/Users/sadiehew...')
#6 /Users/sadiehewitt/Dev/typhoon/index.php(17): require('/Users/sadiehew...')
#7 {main}
  thrown in /Users/sadiehewitt/Dev/typhoon/wp-content/themes/typhoon/footer.php on line 13

2020-09-21T14:20:40+00:00 CRITICAL Uncaught Error: Call to undefined function courses_footer() in /Users/sadiehewitt/Dev/typhoon/wp-content/themes/typhoon/footer.php:13
Stack trace:
#0 /Users/sadiehewitt/Dev/typhoon/wp-includes/template.php(730): require_once()
#1 /Users/sadiehewitt/Dev/typhoon/wp-includes/template.php(676): load_template('/Users/sadiehew...', true, Array)
#2 /Users/sadiehewitt/Dev/typhoon/wp-includes/general-template.php(92): locate_template(Array, true, true, Array)
#3 /Users/sadiehewitt/Dev/typhoon/wp-content/themes/typhoon/templates/home.php(209): get_footer()
#4 /Users/sadiehewitt/Dev/typhoon/wp-includes/template-loader.php(106): include('/Users/sadiehew...')
#5 /Users/sadiehewitt/Dev/typhoon/wp-blog-header.php(19): require_once('/Users/sadiehew...')
#6 /Users/sadiehewitt/Dev/typhoon/index.php(17): require('/Users/sadiehew...')
#7 {main}
  thrown in /Users/sadiehewitt/Dev/typhoon/wp-content/themes/typhoon/footer.php on line 13

2020-09-21T14:20:43+00:00 CRITICAL Uncaught Error: Call to undefined function courses_footer() in /Users/sadiehewitt/Dev/typhoon/wp-content/themes/typhoon/footer.php:13
Stack trace:
#0 /Users/sadiehewitt/Dev/typhoon/wp-includes/template.php(730): require_once()
#1 /Users/sadiehewitt/Dev/typhoon/wp-includes/template.php(676): load_template('/Users/sadiehew...', true, Array)
#2 /Users/sadiehewitt/Dev/typhoon/wp-includes/general-template.php(92): locate_template(Array, true, true, Array)
#3 /Users/sadiehewitt/Dev/typhoon/wp-content/themes/typhoon/templates/home.php(209): get_footer()
#4 /Users/sadiehewitt/Dev/typhoon/wp-includes/template-loader.php(106): include('/Users/sadiehew...')
#5 /Users/sadiehewitt/Dev/typhoon/wp-blog-header.php(19): require_once('/Users/sadiehew...')
#6 /Users/sadiehewitt/Dev/typhoon/index.php(17): require('/Users/sadiehew...')
#7 {main}
  thrown in /Users/sadiehewitt/Dev/typhoon/wp-content/themes/typhoon/footer.php on line 13

2020-09-21T14:21:21+00:00 CRITICAL Uncaught Error: Call to undefined function courses_footer() in /Users/sadiehewitt/Dev/typhoon/wp-content/themes/typhoon/footer.php:13
Stack trace:
#0 /Users/sadiehewitt/Dev/typhoon/wp-includes/template.php(730): require_once()
#1 /Users/sadiehewitt/Dev/typhoon/wp-includes/template.php(676): load_template('/Users/sadiehew...', true, Array)
#2 /Users/sadiehewitt/Dev/typhoon/wp-includes/general-template.php(92): locate_template(Array, true, true, Array)
#3 /Users/sadiehewitt/Dev/typhoon/wp-content/themes/typhoon/templates/home.php(209): get_footer()
#4 /Users/sadiehewitt/Dev/typhoon/wp-includes/template-loader.php(106): include('/Users/sadiehew...')
#5 /Users/sadiehewitt/Dev/typhoon/wp-blog-header.php(19): require_once('/Users/sadiehew...')
#6 /Users/sadiehewitt/Dev/typhoon/index.php(17): require('/Users/sadiehew...')
#7 {main}
  thrown in /Users/sadiehewitt/Dev/typhoon/wp-content/themes/typhoon/footer.php on line 13

2020-09-21T14:21:59+00:00 CRITICAL Uncaught Error: Call to undefined function courses_footer() in /Users/sadiehewitt/Dev/typhoon/wp-content/themes/typhoon/footer.php:13
Stack trace:
#0 /Users/sadiehewitt/Dev/typhoon/wp-includes/template.php(730): require_once()
#1 /Users/sadiehewitt/Dev/typhoon/wp-includes/template.php(676): load_template('/Users/sadiehew...', true, Array)
#2 /Users/sadiehewitt/Dev/typhoon/wp-includes/general-template.php(92): locate_template(Array, true, true, Array)
#3 /Users/sadiehewitt/Dev/typhoon/wp-content/themes/typhoon/templates/home.php(209): get_footer()
#4 /Users/sadiehewitt/Dev/typhoon/wp-includes/template-loader.php(106): include('/Users/sadiehew...')
#5 /Users/sadiehewitt/Dev/typhoon/wp-blog-header.php(19): require_once('/Users/sadiehew...')
#6 /Users/sadiehewitt/Dev/typhoon/index.php(17): require('/Users/sadiehew...')
#7 {main}
  thrown in /Users/sadiehewitt/Dev/typhoon/wp-content/themes/typhoon/footer.php on line 13

2020-09-21T14:22:16+00:00 CRITICAL Uncaught Error: Call to undefined function courses_footer() in /Users/sadiehewitt/Dev/typhoon/wp-content/themes/typhoon/footer.php:13
Stack trace:
#0 /Users/sadiehewitt/Dev/typhoon/wp-includes/template.php(730): require_once()
#1 /Users/sadiehewitt/Dev/typhoon/wp-includes/template.php(676): load_template('/Users/sadiehew...', true, Array)
#2 /Users/sadiehewitt/Dev/typhoon/wp-includes/general-template.php(92): locate_template(Array, true, true, Array)
#3 /Users/sadiehewitt/Dev/typhoon/wp-content/themes/typhoon/templates/home.php(209): get_footer()
#4 /Users/sadiehewitt/Dev/typhoon/wp-includes/template-loader.php(106): include('/Users/sadiehew...')
#5 /Users/sadiehewitt/Dev/typhoon/wp-blog-header.php(19): require_once('/Users/sadiehew...')
#6 /Users/sadiehewitt/Dev/typhoon/index.php(17): require('/Users/sadiehew...')
#7 {main}
  thrown in /Users/sadiehewitt/Dev/typhoon/wp-content/themes/typhoon/footer.php on line 13

2020-09-21T14:24:35+00:00 CRITICAL Uncaught Error: Call to undefined function courses_footer() in /Users/sadiehewitt/Dev/typhoon/wp-content/themes/typhoon/footer.php:13
Stack trace:
#0 /Users/sadiehewitt/Dev/typhoon/wp-includes/template.php(730): require_once()
#1 /Users/sadiehewitt/Dev/typhoon/wp-includes/template.php(676): load_template('/Users/sadiehew...', true, Array)
#2 /Users/sadiehewitt/Dev/typhoon/wp-includes/general-template.php(92): locate_template(Array, true, true, Array)
#3 /Users/sadiehewitt/Dev/typhoon/wp-content/themes/typhoon/templates/home.php(209): get_footer()
#4 /Users/sadiehewitt/Dev/typhoon/wp-includes/template-loader.php(106): include('/Users/sadiehew...')
#5 /Users/sadiehewitt/Dev/typhoon/wp-blog-header.php(19): require_once('/Users/sadiehew...')
#6 /Users/sadiehewitt/Dev/typhoon/index.php(17): require('/Users/sadiehew...')
#7 {main}
  thrown in /Users/sadiehewitt/Dev/typhoon/wp-content/themes/typhoon/footer.php on line 13

2020-09-21T14:25:27+00:00 CRITICAL Uncaught Error: Call to undefined function courses_footer() in /Users/sadiehewitt/Dev/typhoon/wp-content/themes/typhoon/footer.php:13
Stack trace:
#0 /Users/sadiehewitt/Dev/typhoon/wp-includes/template.php(730): require_once()
#1 /Users/sadiehewitt/Dev/typhoon/wp-includes/template.php(676): load_template('/Users/sadiehew...', true, Array)
#2 /Users/sadiehewitt/Dev/typhoon/wp-includes/general-template.php(92): locate_template(Array, true, true, Array)
#3 /Users/sadiehewitt/Dev/typhoon/wp-content/themes/typhoon/templates/home.php(209): get_footer()
#4 /Users/sadiehewitt/Dev/typhoon/wp-includes/template-loader.php(106): include('/Users/sadiehew...')
#5 /Users/sadiehewitt/Dev/typhoon/wp-blog-header.php(19): require_once('/Users/sadiehew...')
#6 /Users/sadiehewitt/Dev/typhoon/index.php(17): require('/Users/sadiehew...')
#7 {main}
  thrown in /Users/sadiehewitt/Dev/typhoon/wp-content/themes/typhoon/footer.php on line 13

2020-09-21T14:27:02+00:00 CRITICAL Uncaught Error: Call to undefined function courses_footer() in /Users/sadiehewitt/Dev/typhoon/wp-content/themes/typhoon/footer.php:13
Stack trace:
#0 /Users/sadiehewitt/Dev/typhoon/wp-includes/template.php(730): require_once()
#1 /Users/sadiehewitt/Dev/typhoon/wp-includes/template.php(676): load_template('/Users/sadiehew...', true, Array)
#2 /Users/sadiehewitt/Dev/typhoon/wp-includes/general-template.php(92): locate_template(Array, true, true, Array)
#3 /Users/sadiehewitt/Dev/typhoon/wp-content/themes/typhoon/templates/home.php(209): get_footer()
#4 /Users/sadiehewitt/Dev/typhoon/wp-includes/template-loader.php(106): include('/Users/sadiehew...')
#5 /Users/sadiehewitt/Dev/typhoon/wp-blog-header.php(19): require_once('/Users/sadiehew...')
#6 /Users/sadiehewitt/Dev/typhoon/index.php(17): require('/Users/sadiehew...')
#7 {main}
  thrown in /Users/sadiehewitt/Dev/typhoon/wp-content/themes/typhoon/footer.php on line 13

2020-09-21T14:29:29+00:00 CRITICAL Uncaught Error: Call to undefined function courses_footer() in /Users/sadiehewitt/Dev/typhoon/wp-content/themes/typhoon/footer.php:13
Stack trace:
#0 /Users/sadiehewitt/Dev/typhoon/wp-includes/template.php(730): require_once()
#1 /Users/sadiehewitt/Dev/typhoon/wp-includes/template.php(676): load_template('/Users/sadiehew...', true, Array)
#2 /Users/sadiehewitt/Dev/typhoon/wp-includes/general-template.php(92): locate_template(Array, true, true, Array)
#3 /Users/sadiehewitt/Dev/typhoon/wp-content/themes/typhoon/templates/home.php(209): get_footer()
#4 /Users/sadiehewitt/Dev/typhoon/wp-includes/template-loader.php(106): include('/Users/sadiehew...')
#5 /Users/sadiehewitt/Dev/typhoon/wp-blog-header.php(19): require_once('/Users/sadiehew...')
#6 /Users/sadiehewitt/Dev/typhoon/index.php(17): require('/Users/sadiehew...')
#7 {main}
  thrown in /Users/sadiehewitt/Dev/typhoon/wp-content/themes/typhoon/footer.php on line 13

2020-09-21T14:29:50+00:00 CRITICAL Uncaught Error: Call to undefined function courses_footer() in /Users/sadiehewitt/Dev/typhoon/wp-content/themes/typhoon/footer.php:13
Stack trace:
#0 /Users/sadiehewitt/Dev/typhoon/wp-includes/template.php(730): require_once()
#1 /Users/sadiehewitt/Dev/typhoon/wp-includes/template.php(676): load_template('/Users/sadiehew...', true, Array)
#2 /Users/sadiehewitt/Dev/typhoon/wp-includes/general-template.php(92): locate_template(Array, true, true, Array)
#3 /Users/sadiehewitt/Dev/typhoon/wp-content/themes/typhoon/templates/home.php(209): get_footer()
#4 /Users/sadiehewitt/Dev/typhoon/wp-includes/template-loader.php(106): include('/Users/sadiehew...')
#5 /Users/sadiehewitt/Dev/typhoon/wp-blog-header.php(19): require_once('/Users/sadiehew...')
#6 /Users/sadiehewitt/Dev/typhoon/index.php(17): require('/Users/sadiehew...')
#7 {main}
  thrown in /Users/sadiehewitt/Dev/typhoon/wp-content/themes/typhoon/footer.php on line 13

2020-09-21T14:30:05+00:00 CRITICAL Uncaught Error: Call to undefined function courses_footer() in /Users/sadiehewitt/Dev/typhoon/wp-content/themes/typhoon/footer.php:13
Stack trace:
#0 /Users/sadiehewitt/Dev/typhoon/wp-includes/template.php(730): require_once()
#1 /Users/sadiehewitt/Dev/typhoon/wp-includes/template.php(676): load_template('/Users/sadiehew...', true, Array)
#2 /Users/sadiehewitt/Dev/typhoon/wp-includes/general-template.php(92): locate_template(Array, true, true, Array)
#3 /Users/sadiehewitt/Dev/typhoon/wp-content/themes/typhoon/templates/home.php(209): get_footer()
#4 /Users/sadiehewitt/Dev/typhoon/wp-includes/template-loader.php(106): include('/Users/sadiehew...')
#5 /Users/sadiehewitt/Dev/typhoon/wp-blog-header.php(19): require_once('/Users/sadiehew...')
#6 /Users/sadiehewitt/Dev/typhoon/index.php(17): require('/Users/sadiehew...')
#7 {main}
  thrown in /Users/sadiehewitt/Dev/typhoon/wp-content/themes/typhoon/footer.php on line 13

2020-09-21T14:30:31+00:00 CRITICAL Uncaught Error: Call to undefined function courses_footer() in /Users/sadiehewitt/Dev/typhoon/wp-content/themes/typhoon/footer.php:13
Stack trace:
#0 /Users/sadiehewitt/Dev/typhoon/wp-includes/template.php(730): require_once()
#1 /Users/sadiehewitt/Dev/typhoon/wp-includes/template.php(676): load_template('/Users/sadiehew...', true, Array)
#2 /Users/sadiehewitt/Dev/typhoon/wp-includes/general-template.php(92): locate_template(Array, true, true, Array)
#3 /Users/sadiehewitt/Dev/typhoon/wp-content/themes/typhoon/templates/home.php(209): get_footer()
#4 /Users/sadiehewitt/Dev/typhoon/wp-includes/template-loader.php(106): include('/Users/sadiehew...')
#5 /Users/sadiehewitt/Dev/typhoon/wp-blog-header.php(19): require_once('/Users/sadiehew...')
#6 /Users/sadiehewitt/Dev/typhoon/index.php(17): require('/Users/sadiehew...')
#7 {main}
  thrown in /Users/sadiehewitt/Dev/typhoon/wp-content/themes/typhoon/footer.php on line 13

2020-09-21T14:31:13+00:00 CRITICAL Uncaught Error: Call to undefined function courses_footer() in /Users/sadiehewitt/Dev/typhoon/wp-content/themes/typhoon/footer.php:13
Stack trace:
#0 /Users/sadiehewitt/Dev/typhoon/wp-includes/template.php(730): require_once()
#1 /Users/sadiehewitt/Dev/typhoon/wp-includes/template.php(676): load_template('/Users/sadiehew...', true, Array)
#2 /Users/sadiehewitt/Dev/typhoon/wp-includes/general-template.php(92): locate_template(Array, true, true, Array)
#3 /Users/sadiehewitt/Dev/typhoon/wp-content/themes/typhoon/templates/home.php(209): get_footer()
#4 /Users/sadiehewitt/Dev/typhoon/wp-includes/template-loader.php(106): include('/Users/sadiehew...')
#5 /Users/sadiehewitt/Dev/typhoon/wp-blog-header.php(19): require_once('/Users/sadiehew...')
#6 /Users/sadiehewitt/Dev/typhoon/index.php(17): require('/Users/sadiehew...')
#7 {main}
  thrown in /Users/sadiehewitt/Dev/typhoon/wp-content/themes/typhoon/footer.php on line 13

2020-09-21T14:31:36+00:00 CRITICAL Uncaught Error: Call to undefined function courses_footer() in /Users/sadiehewitt/Dev/typhoon/wp-content/themes/typhoon/footer.php:13
Stack trace:
#0 /Users/sadiehewitt/Dev/typhoon/wp-includes/template.php(730): require_once()
#1 /Users/sadiehewitt/Dev/typhoon/wp-includes/template.php(676): load_template('/Users/sadiehew...', true, Array)
#2 /Users/sadiehewitt/Dev/typhoon/wp-includes/general-template.php(92): locate_template(Array, true, true, Array)
#3 /Users/sadiehewitt/Dev/typhoon/wp-content/themes/typhoon/templates/home.php(209): get_footer()
#4 /Users/sadiehewitt/Dev/typhoon/wp-includes/template-loader.php(106): include('/Users/sadiehew...')
#5 /Users/sadiehewitt/Dev/typhoon/wp-blog-header.php(19): require_once('/Users/sadiehew...')
#6 /Users/sadiehewitt/Dev/typhoon/index.php(17): require('/Users/sadiehew...')
#7 {main}
  thrown in /Users/sadiehewitt/Dev/typhoon/wp-content/themes/typhoon/footer.php on line 13

2020-09-21T14:31:40+00:00 CRITICAL Uncaught Error: Call to undefined function courses_footer() in /Users/sadiehewitt/Dev/typhoon/wp-content/themes/typhoon/footer.php:13
Stack trace:
#0 /Users/sadiehewitt/Dev/typhoon/wp-includes/template.php(730): require_once()
#1 /Users/sadiehewitt/Dev/typhoon/wp-includes/template.php(676): load_template('/Users/sadiehew...', true, Array)
#2 /Users/sadiehewitt/Dev/typhoon/wp-includes/general-template.php(92): locate_template(Array, true, true, Array)
#3 /Users/sadiehewitt/Dev/typhoon/wp-content/themes/typhoon/templates/home.php(209): get_footer()
#4 /Users/sadiehewitt/Dev/typhoon/wp-includes/template-loader.php(106): include('/Users/sadiehew...')
#5 /Users/sadiehewitt/Dev/typhoon/wp-blog-header.php(19): require_once('/Users/sadiehew...')
#6 /Users/sadiehewitt/Dev/typhoon/index.php(17): require('/Users/sadiehew...')
#7 {main}
  thrown in /Users/sadiehewitt/Dev/typhoon/wp-content/themes/typhoon/footer.php on line 13

2020-09-21T14:31:57+00:00 CRITICAL Uncaught Error: Call to undefined function courses_footer() in /Users/sadiehewitt/Dev/typhoon/wp-content/themes/typhoon/footer.php:13
Stack trace:
#0 /Users/sadiehewitt/Dev/typhoon/wp-includes/template.php(730): require_once()
#1 /Users/sadiehewitt/Dev/typhoon/wp-includes/template.php(676): load_template('/Users/sadiehew...', true, Array)
#2 /Users/sadiehewitt/Dev/typhoon/wp-includes/general-template.php(92): locate_template(Array, true, true, Array)
#3 /Users/sadiehewitt/Dev/typhoon/wp-content/themes/typhoon/templates/home.php(209): get_footer()
#4 /Users/sadiehewitt/Dev/typhoon/wp-includes/template-loader.php(106): include('/Users/sadiehew...')
#5 /Users/sadiehewitt/Dev/typhoon/wp-blog-header.php(19): require_once('/Users/sadiehew...')
#6 /Users/sadiehewitt/Dev/typhoon/index.php(17): require('/Users/sadiehew...')
#7 {main}
  thrown in /Users/sadiehewitt/Dev/typhoon/wp-content/themes/typhoon/footer.php on line 13

2020-09-21T14:32:07+00:00 CRITICAL Uncaught Error: Call to undefined function courses_footer() in /Users/sadiehewitt/Dev/typhoon/wp-content/themes/typhoon/footer.php:13
Stack trace:
#0 /Users/sadiehewitt/Dev/typhoon/wp-includes/template.php(730): require_once()
#1 /Users/sadiehewitt/Dev/typhoon/wp-includes/template.php(676): load_template('/Users/sadiehew...', true, Array)
#2 /Users/sadiehewitt/Dev/typhoon/wp-includes/general-template.php(92): locate_template(Array, true, true, Array)
#3 /Users/sadiehewitt/Dev/typhoon/wp-content/themes/typhoon/templates/home.php(209): get_footer()
#4 /Users/sadiehewitt/Dev/typhoon/wp-includes/template-loader.php(106): include('/Users/sadiehew...')
#5 /Users/sadiehewitt/Dev/typhoon/wp-blog-header.php(19): require_once('/Users/sadiehew...')
#6 /Users/sadiehewitt/Dev/typhoon/index.php(17): require('/Users/sadiehew...')
#7 {main}
  thrown in /Users/sadiehewitt/Dev/typhoon/wp-content/themes/typhoon/footer.php on line 13

2020-09-21T14:32:23+00:00 CRITICAL Uncaught Error: Call to undefined function courses_footer() in /Users/sadiehewitt/Dev/typhoon/wp-content/themes/typhoon/footer.php:13
Stack trace:
#0 /Users/sadiehewitt/Dev/typhoon/wp-includes/template.php(730): require_once()
#1 /Users/sadiehewitt/Dev/typhoon/wp-includes/template.php(676): load_template('/Users/sadiehew...', true, Array)
#2 /Users/sadiehewitt/Dev/typhoon/wp-includes/general-template.php(92): locate_template(Array, true, true, Array)
#3 /Users/sadiehewitt/Dev/typhoon/wp-content/themes/typhoon/templates/home.php(209): get_footer()
#4 /Users/sadiehewitt/Dev/typhoon/wp-includes/template-loader.php(106): include('/Users/sadiehew...')
#5 /Users/sadiehewitt/Dev/typhoon/wp-blog-header.php(19): require_once('/Users/sadiehew...')
#6 /Users/sadiehewitt/Dev/typhoon/index.php(17): require('/Users/sadiehew...')
#7 {main}
  thrown in /Users/sadiehewitt/Dev/typhoon/wp-content/themes/typhoon/footer.php on line 13

2020-09-21T14:33:23+00:00 CRITICAL Uncaught Error: Call to undefined function courses_footer() in /Users/sadiehewitt/Dev/typhoon/wp-content/themes/typhoon/footer.php:13
Stack trace:
#0 /Users/sadiehewitt/Dev/typhoon/wp-includes/template.php(730): require_once()
#1 /Users/sadiehewitt/Dev/typhoon/wp-includes/template.php(676): load_template('/Users/sadiehew...', true, Array)
#2 /Users/sadiehewitt/Dev/typhoon/wp-includes/general-template.php(92): locate_template(Array, true, true, Array)
#3 /Users/sadiehewitt/Dev/typhoon/wp-content/themes/typhoon/templates/home.php(209): get_footer()
#4 /Users/sadiehewitt/Dev/typhoon/wp-includes/template-loader.php(106): include('/Users/sadiehew...')
#5 /Users/sadiehewitt/Dev/typhoon/wp-blog-header.php(19): require_once('/Users/sadiehew...')
#6 /Users/sadiehewitt/Dev/typhoon/index.php(17): require('/Users/sadiehew...')
#7 {main}
  thrown in /Users/sadiehewitt/Dev/typhoon/wp-content/themes/typhoon/footer.php on line 13

2020-09-21T14:33:31+00:00 CRITICAL Uncaught Error: Call to undefined function courses_footer() in /Users/sadiehewitt/Dev/typhoon/wp-content/themes/typhoon/footer.php:13
Stack trace:
#0 /Users/sadiehewitt/Dev/typhoon/wp-includes/template.php(730): require_once()
#1 /Users/sadiehewitt/Dev/typhoon/wp-includes/template.php(676): load_template('/Users/sadiehew...', true, Array)
#2 /Users/sadiehewitt/Dev/typhoon/wp-includes/general-template.php(92): locate_template(Array, true, true, Array)
#3 /Users/sadiehewitt/Dev/typhoon/wp-content/themes/typhoon/templates/home.php(209): get_footer()
#4 /Users/sadiehewitt/Dev/typhoon/wp-includes/template-loader.php(106): include('/Users/sadiehew...')
#5 /Users/sadiehewitt/Dev/typhoon/wp-blog-header.php(19): require_once('/Users/sadiehew...')
#6 /Users/sadiehewitt/Dev/typhoon/index.php(17): require('/Users/sadiehew...')
#7 {main}
  thrown in /Users/sadiehewitt/Dev/typhoon/wp-content/themes/typhoon/footer.php on line 13

2020-09-21T14:34:02+00:00 CRITICAL Uncaught Error: Call to undefined function courses_footer() in /Users/sadiehewitt/Dev/typhoon/wp-content/themes/typhoon/footer.php:13
Stack trace:
#0 /Users/sadiehewitt/Dev/typhoon/wp-includes/template.php(730): require_once()
#1 /Users/sadiehewitt/Dev/typhoon/wp-includes/template.php(676): load_template('/Users/sadiehew...', true, Array)
#2 /Users/sadiehewitt/Dev/typhoon/wp-includes/general-template.php(92): locate_template(Array, true, true, Array)
#3 /Users/sadiehewitt/Dev/typhoon/wp-content/themes/typhoon/templates/home.php(209): get_footer()
#4 /Users/sadiehewitt/Dev/typhoon/wp-includes/template-loader.php(106): include('/Users/sadiehew...')
#5 /Users/sadiehewitt/Dev/typhoon/wp-blog-header.php(19): require_once('/Users/sadiehew...')
#6 /Users/sadiehewitt/Dev/typhoon/index.php(17): require('/Users/sadiehew...')
#7 {main}
  thrown in /Users/sadiehewitt/Dev/typhoon/wp-content/themes/typhoon/footer.php on line 13

2020-09-21T14:34:18+00:00 CRITICAL Uncaught Error: Call to undefined function courses_footer() in /Users/sadiehewitt/Dev/typhoon/wp-content/themes/typhoon/footer.php:13
Stack trace:
#0 /Users/sadiehewitt/Dev/typhoon/wp-includes/template.php(730): require_once()
#1 /Users/sadiehewitt/Dev/typhoon/wp-includes/template.php(676): load_template('/Users/sadiehew...', true, Array)
#2 /Users/sadiehewitt/Dev/typhoon/wp-includes/general-template.php(92): locate_template(Array, true, true, Array)
#3 /Users/sadiehewitt/Dev/typhoon/wp-content/themes/typhoon/templates/home.php(209): get_footer()
#4 /Users/sadiehewitt/Dev/typhoon/wp-includes/template-loader.php(106): include('/Users/sadiehew...')
#5 /Users/sadiehewitt/Dev/typhoon/wp-blog-header.php(19): require_once('/Users/sadiehew...')
#6 /Users/sadiehewitt/Dev/typhoon/index.php(17): require('/Users/sadiehew...')
#7 {main}
  thrown in /Users/sadiehewitt/Dev/typhoon/wp-content/themes/typhoon/footer.php on line 13

2020-09-21T14:34:27+00:00 CRITICAL Uncaught Error: Call to undefined function courses_footer() in /Users/sadiehewitt/Dev/typhoon/wp-content/themes/typhoon/footer.php:13
Stack trace:
#0 /Users/sadiehewitt/Dev/typhoon/wp-includes/template.php(730): require_once()
#1 /Users/sadiehewitt/Dev/typhoon/wp-includes/template.php(676): load_template('/Users/sadiehew...', true, Array)
#2 /Users/sadiehewitt/Dev/typhoon/wp-includes/general-template.php(92): locate_template(Array, true, true, Array)
#3 /Users/sadiehewitt/Dev/typhoon/wp-content/themes/typhoon/templates/home.php(209): get_footer()
#4 /Users/sadiehewitt/Dev/typhoon/wp-includes/template-loader.php(106): include('/Users/sadiehew...')
#5 /Users/sadiehewitt/Dev/typhoon/wp-blog-header.php(19): require_once('/Users/sadiehew...')
#6 /Users/sadiehewitt/Dev/typhoon/index.php(17): require('/Users/sadiehew...')
#7 {main}
  thrown in /Users/sadiehewitt/Dev/typhoon/wp-content/themes/typhoon/footer.php on line 13

2020-09-21T14:34:42+00:00 CRITICAL Uncaught Error: Call to undefined function courses_footer() in /Users/sadiehewitt/Dev/typhoon/wp-content/themes/typhoon/footer.php:13
Stack trace:
#0 /Users/sadiehewitt/Dev/typhoon/wp-includes/template.php(730): require_once()
#1 /Users/sadiehewitt/Dev/typhoon/wp-includes/template.php(676): load_template('/Users/sadiehew...', true, Array)
#2 /Users/sadiehewitt/Dev/typhoon/wp-includes/general-template.php(92): locate_template(Array, true, true, Array)
#3 /Users/sadiehewitt/Dev/typhoon/wp-content/themes/typhoon/templates/home.php(209): get_footer()
#4 /Users/sadiehewitt/Dev/typhoon/wp-includes/template-loader.php(106): include('/Users/sadiehew...')
#5 /Users/sadiehewitt/Dev/typhoon/wp-blog-header.php(19): require_once('/Users/sadiehew...')
#6 /Users/sadiehewitt/Dev/typhoon/index.php(17): require('/Users/sadiehew...')
#7 {main}
  thrown in /Users/sadiehewitt/Dev/typhoon/wp-content/themes/typhoon/footer.php on line 13

2020-09-21T14:35:19+00:00 CRITICAL Uncaught Error: Call to undefined function courses_footer() in /Users/sadiehewitt/Dev/typhoon/wp-content/themes/typhoon/footer.php:13
Stack trace:
#0 /Users/sadiehewitt/Dev/typhoon/wp-includes/template.php(730): require_once()
#1 /Users/sadiehewitt/Dev/typhoon/wp-includes/template.php(676): load_template('/Users/sadiehew...', true, Array)
#2 /Users/sadiehewitt/Dev/typhoon/wp-includes/general-template.php(92): locate_template(Array, true, true, Array)
#3 /Users/sadiehewitt/Dev/typhoon/wp-content/themes/typhoon/templates/home.php(209): get_footer()
#4 /Users/sadiehewitt/Dev/typhoon/wp-includes/template-loader.php(106): include('/Users/sadiehew...')
#5 /Users/sadiehewitt/Dev/typhoon/wp-blog-header.php(19): require_once('/Users/sadiehew...')
#6 /Users/sadiehewitt/Dev/typhoon/index.php(17): require('/Users/sadiehew...')
#7 {main}
  thrown in /Users/sadiehewitt/Dev/typhoon/wp-content/themes/typhoon/footer.php on line 13

2020-09-21T14:35:42+00:00 CRITICAL Uncaught Error: Call to undefined function courses_footer() in /Users/sadiehewitt/Dev/typhoon/wp-content/themes/typhoon/footer.php:13
Stack trace:
#0 /Users/sadiehewitt/Dev/typhoon/wp-includes/template.php(730): require_once()
#1 /Users/sadiehewitt/Dev/typhoon/wp-includes/template.php(676): load_template('/Users/sadiehew...', true, Array)
#2 /Users/sadiehewitt/Dev/typhoon/wp-includes/general-template.php(92): locate_template(Array, true, true, Array)
#3 /Users/sadiehewitt/Dev/typhoon/wp-content/themes/typhoon/templates/home.php(209): get_footer()
#4 /Users/sadiehewitt/Dev/typhoon/wp-includes/template-loader.php(106): include('/Users/sadiehew...')
#5 /Users/sadiehewitt/Dev/typhoon/wp-blog-header.php(19): require_once('/Users/sadiehew...')
#6 /Users/sadiehewitt/Dev/typhoon/index.php(17): require('/Users/sadiehew...')
#7 {main}
  thrown in /Users/sadiehewitt/Dev/typhoon/wp-content/themes/typhoon/footer.php on line 13

2020-09-21T14:36:17+00:00 CRITICAL Uncaught Error: Call to undefined function courses_footer() in /Users/sadiehewitt/Dev/typhoon/wp-content/themes/typhoon/footer.php:13
Stack trace:
#0 /Users/sadiehewitt/Dev/typhoon/wp-includes/template.php(730): require_once()
#1 /Users/sadiehewitt/Dev/typhoon/wp-includes/template.php(676): load_template('/Users/sadiehew...', true, Array)
#2 /Users/sadiehewitt/Dev/typhoon/wp-includes/general-template.php(92): locate_template(Array, true, true, Array)
#3 /Users/sadiehewitt/Dev/typhoon/wp-content/themes/typhoon/templates/home.php(209): get_footer()
#4 /Users/sadiehewitt/Dev/typhoon/wp-includes/template-loader.php(106): include('/Users/sadiehew...')
#5 /Users/sadiehewitt/Dev/typhoon/wp-blog-header.php(19): require_once('/Users/sadiehew...')
#6 /Users/sadiehewitt/Dev/typhoon/index.php(17): require('/Users/sadiehew...')
#7 {main}
  thrown in /Users/sadiehewitt/Dev/typhoon/wp-content/themes/typhoon/footer.php on line 13

2020-09-21T14:36:35+00:00 CRITICAL Uncaught Error: Call to undefined function courses_footer() in /Users/sadiehewitt/Dev/typhoon/wp-content/themes/typhoon/footer.php:13
Stack trace:
#0 /Users/sadiehewitt/Dev/typhoon/wp-includes/template.php(730): require_once()
#1 /Users/sadiehewitt/Dev/typhoon/wp-includes/template.php(676): load_template('/Users/sadiehew...', true, Array)
#2 /Users/sadiehewitt/Dev/typhoon/wp-includes/general-template.php(92): locate_template(Array, true, true, Array)
#3 /Users/sadiehewitt/Dev/typhoon/wp-content/themes/typhoon/templates/home.php(209): get_footer()
#4 /Users/sadiehewitt/Dev/typhoon/wp-includes/template-loader.php(106): include('/Users/sadiehew...')
#5 /Users/sadiehewitt/Dev/typhoon/wp-blog-header.php(19): require_once('/Users/sadiehew...')
#6 /Users/sadiehewitt/Dev/typhoon/index.php(17): require('/Users/sadiehew...')
#7 {main}
  thrown in /Users/sadiehewitt/Dev/typhoon/wp-content/themes/typhoon/footer.php on line 13

2020-09-21T14:36:44+00:00 CRITICAL Uncaught Error: Call to undefined function courses_footer() in /Users/sadiehewitt/Dev/typhoon/wp-content/themes/typhoon/footer.php:13
Stack trace:
#0 /Users/sadiehewitt/Dev/typhoon/wp-includes/template.php(730): require_once()
#1 /Users/sadiehewitt/Dev/typhoon/wp-includes/template.php(676): load_template('/Users/sadiehew...', true, Array)
#2 /Users/sadiehewitt/Dev/typhoon/wp-includes/general-template.php(92): locate_template(Array, true, true, Array)
#3 /Users/sadiehewitt/Dev/typhoon/wp-content/themes/typhoon/templates/home.php(209): get_footer()
#4 /Users/sadiehewitt/Dev/typhoon/wp-includes/template-loader.php(106): include('/Users/sadiehew...')
#5 /Users/sadiehewitt/Dev/typhoon/wp-blog-header.php(19): require_once('/Users/sadiehew...')
#6 /Users/sadiehewitt/Dev/typhoon/index.php(17): require('/Users/sadiehew...')
#7 {main}
  thrown in /Users/sadiehewitt/Dev/typhoon/wp-content/themes/typhoon/footer.php on line 13

2020-09-21T14:37:55+00:00 CRITICAL Uncaught Error: Call to undefined function courses_footer() in /Users/sadiehewitt/Dev/typhoon/wp-content/themes/typhoon/footer.php:13
Stack trace:
#0 /Users/sadiehewitt/Dev/typhoon/wp-includes/template.php(730): require_once()
#1 /Users/sadiehewitt/Dev/typhoon/wp-includes/template.php(676): load_template('/Users/sadiehew...', true, Array)
#2 /Users/sadiehewitt/Dev/typhoon/wp-includes/general-template.php(92): locate_template(Array, true, true, Array)
#3 /Users/sadiehewitt/Dev/typhoon/wp-content/themes/typhoon/templates/home.php(209): get_footer()
#4 /Users/sadiehewitt/Dev/typhoon/wp-includes/template-loader.php(106): include('/Users/sadiehew...')
#5 /Users/sadiehewitt/Dev/typhoon/wp-blog-header.php(19): require_once('/Users/sadiehew...')
#6 /Users/sadiehewitt/Dev/typhoon/index.php(17): require('/Users/sadiehew...')
#7 {main}
  thrown in /Users/sadiehewitt/Dev/typhoon/wp-content/themes/typhoon/footer.php on line 13

2020-09-21T14:38:54+00:00 CRITICAL Uncaught Error: Call to undefined function courses_footer() in /Users/sadiehewitt/Dev/typhoon/wp-content/themes/typhoon/footer.php:13
Stack trace:
#0 /Users/sadiehewitt/Dev/typhoon/wp-includes/template.php(730): require_once()
#1 /Users/sadiehewitt/Dev/typhoon/wp-includes/template.php(676): load_template('/Users/sadiehew...', true, Array)
#2 /Users/sadiehewitt/Dev/typhoon/wp-includes/general-template.php(92): locate_template(Array, true, true, Array)
#3 /Users/sadiehewitt/Dev/typhoon/wp-content/themes/typhoon/templates/home.php(209): get_footer()
#4 /Users/sadiehewitt/Dev/typhoon/wp-includes/template-loader.php(106): include('/Users/sadiehew...')
#5 /Users/sadiehewitt/Dev/typhoon/wp-blog-header.php(19): require_once('/Users/sadiehew...')
#6 /Users/sadiehewitt/Dev/typhoon/index.php(17): require('/Users/sadiehew...')
#7 {main}
  thrown in /Users/sadiehewitt/Dev/typhoon/wp-content/themes/typhoon/footer.php on line 13

2020-09-21T14:43:10+00:00 CRITICAL Uncaught Error: Call to undefined function courses_footer() in /Users/sadiehewitt/Dev/typhoon/wp-content/themes/typhoon/footer.php:13
Stack trace:
#0 /Users/sadiehewitt/Dev/typhoon/wp-includes/template.php(730): require_once()
#1 /Users/sadiehewitt/Dev/typhoon/wp-includes/template.php(676): load_template('/Users/sadiehew...', true, Array)
#2 /Users/sadiehewitt/Dev/typhoon/wp-includes/general-template.php(92): locate_template(Array, true, true, Array)
#3 /Users/sadiehewitt/Dev/typhoon/wp-content/themes/typhoon/templates/home.php(209): get_footer()
#4 /Users/sadiehewitt/Dev/typhoon/wp-includes/template-loader.php(106): include('/Users/sadiehew...')
#5 /Users/sadiehewitt/Dev/typhoon/wp-blog-header.php(19): require_once('/Users/sadiehew...')
#6 /Users/sadiehewitt/Dev/typhoon/index.php(17): require('/Users/sadiehew...')
#7 {main}
  thrown in /Users/sadiehewitt/Dev/typhoon/wp-content/themes/typhoon/footer.php on line 13

2020-09-21T14:43:44+00:00 CRITICAL Uncaught Error: Call to undefined function courses_footer() in /Users/sadiehewitt/Dev/typhoon/wp-content/themes/typhoon/footer.php:13
Stack trace:
#0 /Users/sadiehewitt/Dev/typhoon/wp-includes/template.php(730): require_once()
#1 /Users/sadiehewitt/Dev/typhoon/wp-includes/template.php(676): load_template('/Users/sadiehew...', true, Array)
#2 /Users/sadiehewitt/Dev/typhoon/wp-includes/general-template.php(92): locate_template(Array, true, true, Array)
#3 /Users/sadiehewitt/Dev/typhoon/wp-content/themes/typhoon/templates/home.php(209): get_footer()
#4 /Users/sadiehewitt/Dev/typhoon/wp-includes/template-loader.php(106): include('/Users/sadiehew...')
#5 /Users/sadiehewitt/Dev/typhoon/wp-blog-header.php(19): require_once('/Users/sadiehew...')
#6 /Users/sadiehewitt/Dev/typhoon/index.php(17): require('/Users/sadiehew...')
#7 {main}
  thrown in /Users/sadiehewitt/Dev/typhoon/wp-content/themes/typhoon/footer.php on line 13

2020-09-21T14:43:47+00:00 CRITICAL Uncaught Error: Call to undefined function courses_footer() in /Users/sadiehewitt/Dev/typhoon/wp-content/themes/typhoon/footer.php:13
Stack trace:
#0 /Users/sadiehewitt/Dev/typhoon/wp-includes/template.php(730): require_once()
#1 /Users/sadiehewitt/Dev/typhoon/wp-includes/template.php(676): load_template('/Users/sadiehew...', true, Array)
#2 /Users/sadiehewitt/Dev/typhoon/wp-includes/general-template.php(92): locate_template(Array, true, true, Array)
#3 /Users/sadiehewitt/Dev/typhoon/wp-content/themes/typhoon/templates/home.php(209): get_footer()
#4 /Users/sadiehewitt/Dev/typhoon/wp-includes/template-loader.php(106): include('/Users/sadiehew...')
#5 /Users/sadiehewitt/Dev/typhoon/wp-blog-header.php(19): require_once('/Users/sadiehew...')
#6 /Users/sadiehewitt/Dev/typhoon/index.php(17): require('/Users/sadiehew...')
#7 {main}
  thrown in /Users/sadiehewitt/Dev/typhoon/wp-content/themes/typhoon/footer.php on line 13

2020-09-21T14:44:31+00:00 CRITICAL Uncaught Error: Call to undefined function courses_footer() in /Users/sadiehewitt/Dev/typhoon/wp-content/themes/typhoon/footer.php:13
Stack trace:
#0 /Users/sadiehewitt/Dev/typhoon/wp-includes/template.php(730): require_once()
#1 /Users/sadiehewitt/Dev/typhoon/wp-includes/template.php(676): load_template('/Users/sadiehew...', true, Array)
#2 /Users/sadiehewitt/Dev/typhoon/wp-includes/general-template.php(92): locate_template(Array, true, true, Array)
#3 /Users/sadiehewitt/Dev/typhoon/wp-content/themes/typhoon/templates/home.php(209): get_footer()
#4 /Users/sadiehewitt/Dev/typhoon/wp-includes/template-loader.php(106): include('/Users/sadiehew...')
#5 /Users/sadiehewitt/Dev/typhoon/wp-blog-header.php(19): require_once('/Users/sadiehew...')
#6 /Users/sadiehewitt/Dev/typhoon/index.php(17): require('/Users/sadiehew...')
#7 {main}
  thrown in /Users/sadiehewitt/Dev/typhoon/wp-content/themes/typhoon/footer.php on line 13

2020-09-21T14:49:12+00:00 CRITICAL Uncaught Error: Call to undefined function courses_footer() in /Users/sadiehewitt/Dev/typhoon/wp-content/themes/typhoon/footer.php:13
Stack trace:
#0 /Users/sadiehewitt/Dev/typhoon/wp-includes/template.php(730): require_once()
#1 /Users/sadiehewitt/Dev/typhoon/wp-includes/template.php(676): load_template('/Users/sadiehew...', true, Array)
#2 /Users/sadiehewitt/Dev/typhoon/wp-includes/general-template.php(92): locate_template(Array, true, true, Array)
#3 /Users/sadiehewitt/Dev/typhoon/wp-content/themes/typhoon/templates/home.php(209): get_footer()
#4 /Users/sadiehewitt/Dev/typhoon/wp-includes/template-loader.php(106): include('/Users/sadiehew...')
#5 /Users/sadiehewitt/Dev/typhoon/wp-blog-header.php(19): require_once('/Users/sadiehew...')
#6 /Users/sadiehewitt/Dev/typhoon/index.php(17): require('/Users/sadiehew...')
#7 {main}
  thrown in /Users/sadiehewitt/Dev/typhoon/wp-content/themes/typhoon/footer.php on line 13

2020-09-21T14:51:23+00:00 CRITICAL Uncaught Error: Call to undefined function courses_footer() in /Users/sadiehewitt/Dev/typhoon/wp-content/themes/typhoon/footer.php:13
Stack trace:
#0 /Users/sadiehewitt/Dev/typhoon/wp-includes/template.php(730): require_once()
#1 /Users/sadiehewitt/Dev/typhoon/wp-includes/template.php(676): load_template('/Users/sadiehew...', true, Array)
#2 /Users/sadiehewitt/Dev/typhoon/wp-includes/general-template.php(92): locate_template(Array, true, true, Array)
#3 /Users/sadiehewitt/Dev/typhoon/wp-content/themes/typhoon/templates/home.php(209): get_footer()
#4 /Users/sadiehewitt/Dev/typhoon/wp-includes/template-loader.php(106): include('/Users/sadiehew...')
#5 /Users/sadiehewitt/Dev/typhoon/wp-blog-header.php(19): require_once('/Users/sadiehew...')
#6 /Users/sadiehewitt/Dev/typhoon/index.php(17): require('/Users/sadiehew...')
#7 {main}
  thrown in /Users/sadiehewitt/Dev/typhoon/wp-content/themes/typhoon/footer.php on line 13

2020-09-21T14:52:44+00:00 CRITICAL Uncaught Error: Call to undefined function courses_footer() in /Users/sadiehewitt/Dev/typhoon/wp-content/themes/typhoon/footer.php:13
Stack trace:
#0 /Users/sadiehewitt/Dev/typhoon/wp-includes/template.php(730): require_once()
#1 /Users/sadiehewitt/Dev/typhoon/wp-includes/template.php(676): load_template('/Users/sadiehew...', true, Array)
#2 /Users/sadiehewitt/Dev/typhoon/wp-includes/general-template.php(92): locate_template(Array, true, true, Array)
#3 /Users/sadiehewitt/Dev/typhoon/wp-content/themes/typhoon/templates/home.php(209): get_footer()
#4 /Users/sadiehewitt/Dev/typhoon/wp-includes/template-loader.php(106): include('/Users/sadiehew...')
#5 /Users/sadiehewitt/Dev/typhoon/wp-blog-header.php(19): require_once('/Users/sadiehew...')
#6 /Users/sadiehewitt/Dev/typhoon/index.php(17): require('/Users/sadiehew...')
#7 {main}
  thrown in /Users/sadiehewitt/Dev/typhoon/wp-content/themes/typhoon/footer.php on line 13

2020-09-21T14:54:15+00:00 CRITICAL Uncaught Error: Call to undefined function courses_footer() in /Users/sadiehewitt/Dev/typhoon/wp-content/themes/typhoon/footer.php:13
Stack trace:
#0 /Users/sadiehewitt/Dev/typhoon/wp-includes/template.php(730): require_once()
#1 /Users/sadiehewitt/Dev/typhoon/wp-includes/template.php(676): load_template('/Users/sadiehew...', true, Array)
#2 /Users/sadiehewitt/Dev/typhoon/wp-includes/general-template.php(92): locate_template(Array, true, true, Array)
#3 /Users/sadiehewitt/Dev/typhoon/wp-content/themes/typhoon/templates/home.php(209): get_footer()
#4 /Users/sadiehewitt/Dev/typhoon/wp-includes/template-loader.php(106): include('/Users/sadiehew...')
#5 /Users/sadiehewitt/Dev/typhoon/wp-blog-header.php(19): require_once('/Users/sadiehew...')
#6 /Users/sadiehewitt/Dev/typhoon/index.php(17): require('/Users/sadiehew...')
#7 {main}
  thrown in /Users/sadiehewitt/Dev/typhoon/wp-content/themes/typhoon/footer.php on line 13

2020-09-21T14:54:21+00:00 CRITICAL Uncaught Error: Call to undefined function courses_footer() in /Users/sadiehewitt/Dev/typhoon/wp-content/themes/typhoon/footer.php:13
Stack trace:
#0 /Users/sadiehewitt/Dev/typhoon/wp-includes/template.php(730): require_once()
#1 /Users/sadiehewitt/Dev/typhoon/wp-includes/template.php(676): load_template('/Users/sadiehew...', true, Array)
#2 /Users/sadiehewitt/Dev/typhoon/wp-includes/general-template.php(92): locate_template(Array, true, true, Array)
#3 /Users/sadiehewitt/Dev/typhoon/wp-content/themes/typhoon/templates/home.php(209): get_footer()
#4 /Users/sadiehewitt/Dev/typhoon/wp-includes/template-loader.php(106): include('/Users/sadiehew...')
#5 /Users/sadiehewitt/Dev/typhoon/wp-blog-header.php(19): require_once('/Users/sadiehew...')
#6 /Users/sadiehewitt/Dev/typhoon/index.php(17): require('/Users/sadiehew...')
#7 {main}
  thrown in /Users/sadiehewitt/Dev/typhoon/wp-content/themes/typhoon/footer.php on line 13

2020-09-21T14:55:28+00:00 CRITICAL Uncaught Error: Call to undefined function courses_footer() in /Users/sadiehewitt/Dev/typhoon/wp-content/themes/typhoon/footer.php:13
Stack trace:
#0 /Users/sadiehewitt/Dev/typhoon/wp-includes/template.php(730): require_once()
#1 /Users/sadiehewitt/Dev/typhoon/wp-includes/template.php(676): load_template('/Users/sadiehew...', true, Array)
#2 /Users/sadiehewitt/Dev/typhoon/wp-includes/general-template.php(92): locate_template(Array, true, true, Array)
#3 /Users/sadiehewitt/Dev/typhoon/wp-content/themes/typhoon/templates/home.php(209): get_footer()
#4 /Users/sadiehewitt/Dev/typhoon/wp-includes/template-loader.php(106): include('/Users/sadiehew...')
#5 /Users/sadiehewitt/Dev/typhoon/wp-blog-header.php(19): require_once('/Users/sadiehew...')
#6 /Users/sadiehewitt/Dev/typhoon/index.php(17): require('/Users/sadiehew...')
#7 {main}
  thrown in /Users/sadiehewitt/Dev/typhoon/wp-content/themes/typhoon/footer.php on line 13

2020-09-21T14:58:02+00:00 CRITICAL Uncaught Error: Call to undefined function courses_footer() in /Users/sadiehewitt/Dev/typhoon/wp-content/themes/typhoon/footer.php:13
Stack trace:
#0 /Users/sadiehewitt/Dev/typhoon/wp-includes/template.php(730): require_once()
#1 /Users/sadiehewitt/Dev/typhoon/wp-includes/template.php(676): load_template('/Users/sadiehew...', true, Array)
#2 /Users/sadiehewitt/Dev/typhoon/wp-includes/general-template.php(92): locate_template(Array, true, true, Array)
#3 /Users/sadiehewitt/Dev/typhoon/wp-content/themes/typhoon/templates/home.php(145): get_footer()
#4 /Users/sadiehewitt/Dev/typhoon/wp-includes/template-loader.php(106): include('/Users/sadiehew...')
#5 /Users/sadiehewitt/Dev/typhoon/wp-blog-header.php(19): require_once('/Users/sadiehew...')
#6 /Users/sadiehewitt/Dev/typhoon/index.php(17): require('/Users/sadiehew...')
#7 {main}
  thrown in /Users/sadiehewitt/Dev/typhoon/wp-content/themes/typhoon/footer.php on line 13

2020-09-21T14:58:03+00:00 CRITICAL Uncaught Error: Call to undefined function courses_footer() in /Users/sadiehewitt/Dev/typhoon/wp-content/themes/typhoon/footer.php:13
Stack trace:
#0 /Users/sadiehewitt/Dev/typhoon/wp-includes/template.php(730): require_once()
#1 /Users/sadiehewitt/Dev/typhoon/wp-includes/template.php(676): load_template('/Users/sadiehew...', true, Array)
#2 /Users/sadiehewitt/Dev/typhoon/wp-includes/general-template.php(92): locate_template(Array, true, true, Array)
#3 /Users/sadiehewitt/Dev/typhoon/wp-content/themes/typhoon/templates/home.php(145): get_footer()
#4 /Users/sadiehewitt/Dev/typhoon/wp-includes/template-loader.php(106): include('/Users/sadiehew...')
#5 /Users/sadiehewitt/Dev/typhoon/wp-blog-header.php(19): require_once('/Users/sadiehew...')
#6 /Users/sadiehewitt/Dev/typhoon/index.php(17): require('/Users/sadiehew...')
#7 {main}
  thrown in /Users/sadiehewitt/Dev/typhoon/wp-content/themes/typhoon/footer.php on line 13

2020-09-21T14:58:36+00:00 CRITICAL Uncaught Error: Call to undefined function links_footer() in /Users/sadiehewitt/Dev/typhoon/wp-content/themes/typhoon/footer.php:17
Stack trace:
#0 /Users/sadiehewitt/Dev/typhoon/wp-includes/template.php(730): require_once()
#1 /Users/sadiehewitt/Dev/typhoon/wp-includes/template.php(676): load_template('/Users/sadiehew...', true, Array)
#2 /Users/sadiehewitt/Dev/typhoon/wp-includes/general-template.php(92): locate_template(Array, true, true, Array)
#3 /Users/sadiehewitt/Dev/typhoon/wp-content/themes/typhoon/templates/home.php(145): get_footer()
#4 /Users/sadiehewitt/Dev/typhoon/wp-includes/template-loader.php(106): include('/Users/sadiehew...')
#5 /Users/sadiehewitt/Dev/typhoon/wp-blog-header.php(19): require_once('/Users/sadiehew...')
#6 /Users/sadiehewitt/Dev/typhoon/index.php(17): require('/Users/sadiehew...')
#7 {main}
  thrown in /Users/sadiehewitt/Dev/typhoon/wp-content/themes/typhoon/footer.php on line 17

2020-09-21T14:58:38+00:00 CRITICAL Uncaught Error: Call to undefined function links_footer() in /Users/sadiehewitt/Dev/typhoon/wp-content/themes/typhoon/footer.php:17
Stack trace:
#0 /Users/sadiehewitt/Dev/typhoon/wp-includes/template.php(730): require_once()
#1 /Users/sadiehewitt/Dev/typhoon/wp-includes/template.php(676): load_template('/Users/sadiehew...', true, Array)
#2 /Users/sadiehewitt/Dev/typhoon/wp-includes/general-template.php(92): locate_template(Array, true, true, Array)
#3 /Users/sadiehewitt/Dev/typhoon/wp-content/themes/typhoon/templates/home.php(145): get_footer()
#4 /Users/sadiehewitt/Dev/typhoon/wp-includes/template-loader.php(106): include('/Users/sadiehew...')
#5 /Users/sadiehewitt/Dev/typhoon/wp-blog-header.php(19): require_once('/Users/sadiehew...')
#6 /Users/sadiehewitt/Dev/typhoon/index.php(17): require('/Users/sadiehew...')
#7 {main}
  thrown in /Users/sadiehewitt/Dev/typhoon/wp-content/themes/typhoon/footer.php on line 17

2020-09-21T14:58:40+00:00 CRITICAL Uncaught Error: Call to undefined function links_footer() in /Users/sadiehewitt/Dev/typhoon/wp-content/themes/typhoon/footer.php:17
Stack trace:
#0 /Users/sadiehewitt/Dev/typhoon/wp-includes/template.php(730): require_once()
#1 /Users/sadiehewitt/Dev/typhoon/wp-includes/template.php(676): load_template('/Users/sadiehew...', true, Array)
#2 /Users/sadiehewitt/Dev/typhoon/wp-includes/general-template.php(92): locate_template(Array, true, true, Array)
#3 /Users/sadiehewitt/Dev/typhoon/wp-content/themes/typhoon/templates/home.php(145): get_footer()
#4 /Users/sadiehewitt/Dev/typhoon/wp-includes/template-loader.php(106): include('/Users/sadiehew...')
#5 /Users/sadiehewitt/Dev/typhoon/wp-blog-header.php(19): require_once('/Users/sadiehew...')
#6 /Users/sadiehewitt/Dev/typhoon/index.php(17): require('/Users/sadiehew...')
#7 {main}
  thrown in /Users/sadiehewitt/Dev/typhoon/wp-content/themes/typhoon/footer.php on line 17

2020-09-21T14:58:41+00:00 CRITICAL Uncaught Error: Call to undefined function links_footer() in /Users/sadiehewitt/Dev/typhoon/wp-content/themes/typhoon/footer.php:17
Stack trace:
#0 /Users/sadiehewitt/Dev/typhoon/wp-includes/template.php(730): require_once()
#1 /Users/sadiehewitt/Dev/typhoon/wp-includes/template.php(676): load_template('/Users/sadiehew...', true, Array)
#2 /Users/sadiehewitt/Dev/typhoon/wp-includes/general-template.php(92): locate_template(Array, true, true, Array)
#3 /Users/sadiehewitt/Dev/typhoon/wp-content/themes/typhoon/templates/home.php(145): get_footer()
#4 /Users/sadiehewitt/Dev/typhoon/wp-includes/template-loader.php(106): include('/Users/sadiehew...')
#5 /Users/sadiehewitt/Dev/typhoon/wp-blog-header.php(19): require_once('/Users/sadiehew...')
#6 /Users/sadiehewitt/Dev/typhoon/index.php(17): require('/Users/sadiehew...')
#7 {main}
  thrown in /Users/sadiehewitt/Dev/typhoon/wp-content/themes/typhoon/footer.php on line 17

